{"level":"info","message":"Registrasi berhasil!"}
{"level":"info","message":"Akun berhasil diverifikasi!"}
{"level":"error","message":"Password tidak valid"}
{"level":"info","message":"Login berhasil"}
{"level":"info","message":"Login berhasil"}
{"level":"error","message":"Password tidak valid"}
{"level":"info","message":"Login berhasil"}
{"level":"info","message":"Registrasi berhasil!"}
{"level":"error","message":"Password tidak valid"}
{"level":"info","message":"Login berhasil"}
{"level":"info","message":"Registrasi berhasil!"}
{"level":"info","message":"Akun berhasil diverifikasi!"}
{"level":"info","message":"Login berhasil"}
{"level":"error","message":"Password tidak valid"}
{"level":"info","message":"Login berhasil"}
{"level":"info","message":"Login berhasil"}
{"level":"info","message":"Registrasi berhasil!"}
{"level":"info","message":"Akun berhasil diverifikasi!"}
{"level":"info","message":"Login berhasil"}
{"level":"error","message":"Password tidak valid"}
{"level":"info","message":"Login berhasil"}
{"level":"error","message":"Email sudah digunakan"}
{"level":"info","message":"Registrasi berhasil!"}
{"level":"info","message":"Akun berhasil diverifikasi!"}
{"level":"info","message":"Login berhasil"}
{"level":"info","message":"Login berhasil"}
{"level":"info","message":"Registrasi berhasil!"}
{"level":"info","message":"Akun berhasil diverifikasi!"}
{"level":"info","message":"Login berhasil"}
{"level":"info","message":"Login berhasil"}
{"level":"error","message":"Password tidak valid"}
{"level":"info","message":"Login berhasil"}
{"level":"info","message":"Registrasi berhasil!"}
{"level":"info","message":"Akun berhasil diverifikasi!"}
{"level":"info","message":"Login berhasil"}
{"level":"error","message":"Password tidak valid"}
{"level":"info","message":"Login berhasil"}
{"level":"info","message":"Login berhasil"}
{"level":"info","message":"Login berhasil"}
{"level":"info","message":"Login berhasil"}
{"level":"info","message":"Login berhasil"}
{"level":"info","message":"Registrasi berhasil!"}
{"level":"info","message":"Akun berhasil diverifikasi!"}
{"level":"info","message":"Login berhasil"}
{"level":"error","message":"Password tidak valid"}
{"level":"info","message":"Login berhasil"}
{"level":"info","message":"Login berhasil"}
{"level":"error","message":"Password tidak valid"}
{"level":"error","message":"Password tidak valid"}
{"level":"info","message":"Login berhasil"}
{"level":"info","message":"Login berhasil"}
{"level":"error","message":"Password tidak valid"}
{"level":"info","message":"Login berhasil"}
{"level":"info","message":"Login berhasil"}
{"level":"info","message":"Login berhasil"}
{"level":"info","message":"Login berhasil"}
{"level":"info","message":"Login berhasil"}
{"level":"info","message":"Login berhasil"}
{"level":"info","message":"Login berhasil"}
{"level":"info","message":"Login berhasil"}
{"level":"info","message":"Login berhasil"}
{"level":"info","message":"Login berhasil"}
{"level":"error","message":"Password tidak valid"}
{"level":"error","message":"Password tidak valid"}
{"level":"error","message":"Password tidak valid"}
{"level":"error","message":"Password tidak valid"}
{"level":"error","message":"Password tidak valid"}
{"level":"error","message":"Password tidak valid"}
{"level":"error","message":"Password tidak valid"}
{"level":"error","message":"Password tidak valid"}
{"level":"error","message":"Password tidak valid"}
{"level":"error","message":"Password tidak valid"}
{"level":"error","message":"Password tidak valid"}
{"level":"error","message":"Password tidak valid"}
{"level":"error","message":"Password tidak valid"}
{"level":"error","message":"Password tidak valid"}
{"level":"error","message":"Password tidak valid"}
{"level":"error","message":"Password tidak valid"}
{"level":"error","message":"Password tidak valid"}
{"level":"error","message":"Password tidak valid"}
{"level":"error","message":"Password tidak valid"}
{"level":"error","message":"Password tidak valid"}
{"level":"error","message":"Password tidak valid"}
{"level":"error","message":"Password tidak valid"}
{"level":"error","message":"Password tidak valid"}
{"level":"error","message":"Password tidak valid"}
{"level":"error","message":"Password tidak valid"}
{"level":"error","message":"Password tidak valid"}
{"level":"error","message":"Password tidak valid"}
{"level":"error","message":"Password tidak valid"}
{"level":"error","message":"Password tidak valid"}
{"level":"error","message":"Password tidak valid"}
{"level":"info","message":"Registrasi berhasil!"}
{"level":"error","message":"OTP tidak valid atau email salah."}
{"level":"info","message":"Akun berhasil diverifikasi!"}
{"level":"error","message":"Password tidak valid"}
{"level":"error","message":"Password tidak valid"}
{"level":"error","message":"Password tidak valid"}
{"level":"info","message":"Registrasi berhasil!"}
{"level":"info","message":"Akun berhasil diverifikasi!"}
{"level":"error","message":"Password tidak valid"}
{"level":"error","message":"Password tidak valid"}
{"level":"info","message":"Registrasi berhasil!"}
{"level":"info","message":"Akun berhasil diverifikasi!"}
{"level":"error","message":"Password tidak valid"}
{"level":"error","message":"Password tidak valid"}
{"level":"error","message":"Password tidak valid"}
{"level":"info","message":"Registrasi berhasil!"}
{"level":"info","message":"Akun berhasil diverifikasi!"}
{"level":"info","message":"Registrasi berhasil!"}
{"level":"error","message":"OTP tidak valid atau email salah."}
{"level":"info","message":"Akun berhasil diverifikasi!"}
{"level":"error","message":"Password tidak valid"}
{"level":"error","message":"Password tidak valid"}
{"level":"error","message":"Password tidak valid"}
{"level":"error","message":"Password tidak valid"}
{"level":"info","message":"Registrasi berhasil!"}
{"level":"info","message":"Akun berhasil diverifikasi!"}
{"level":"error","message":"Password tidak valid"}
{"level":"info","message":"Registrasi berhasil!"}
{"level":"error","message":"OTP tidak valid atau email salah."}
{"level":"info","message":"Akun berhasil diverifikasi!"}
{"level":"info","message":"Registrasi berhasil!"}
{"level":"info","message":"Akun berhasil diverifikasi!"}
{"level":"error","message":"Password tidak valid"}
{"level":"error","message":"Password tidak valid"}
{"level":"info","message":"Registrasi berhasil!"}
{"level":"error","message":"OTP tidak valid atau email salah."}
{"level":"info","message":"Akun berhasil diverifikasi!"}
{"level":"info","message":"Registrasi berhasil!"}
{"level":"error","message":"OTP tidak valid atau email salah."}
{"level":"info","message":"Akun berhasil diverifikasi!"}
{"level":"error","message":"Password tidak valid"}
{"level":"error","message":"Email sudah digunakan"}
{"level":"error","message":"Error: invalid_grant"}
{"level":"error","message":"Email sudah digunakan"}
{"level":"error","message":"Error: No refresh token or refresh handler callback is set."}
{"level":"error","message":"Email sudah digunakan"}
{"level":"error","message":"Error: invalid_grant"}
{"level":"error","message":"Email sudah digunakan"}
{"level":"error","message":"Error: invalid_grant"}
{"level":"error","message":"Error: invalid_grant"}
{"level":"error","message":"Email sudah digunakan"}
{"level":"error","message":"Error: invalid_grant"}
{"level":"error","message":"Error: invalid_request"}
{"level":"error","message":"Error: sendOtpEmail is not a function"}
{"level":"error","message":"Error: invalid_request"}
{"level":"error","message":"Error: invalid_request"}
{"level":"error","message":"Error: invalid_request"}
{"level":"error","message":"Error: invalid_request"}
{"level":"error","message":"Error: invalid_grant"}
{"level":"info","message":"Registrasi berhasil!"}
{"level":"error","message":"Error: sendOtpEmail is not a function"}
{"level":"error","message":"Email sudah digunakan"}
{"level":"info","message":"Registrasi berhasil!"}
{"level":"info","message":"Registrasi berhasil!"}
{"level":"info","message":"Registrasi berhasil!"}
{"level":"info","message":"Registrasi berhasil!"}
{"level":"info","message":"Registrasi berhasil!"}
